0 info it worked if it ends with ok
1 verbose cli [ '/Users/johnhooks/.nvm/versions/node/v6.2.2/bin/node',
1 verbose cli   '/Users/johnhooks/.nvm/versions/node/v6.2.2/bin/npm',
1 verbose cli   'run',
1 verbose cli   'css' ]
2 info using npm@3.9.5
3 info using node@v6.2.2
4 verbose run-script [ 'precss', 'css', 'postcss' ]
5 info lifecycle reset@1.0.0~precss: reset@1.0.0
6 silly lifecycle reset@1.0.0~precss: no script for precss, continuing
7 info lifecycle reset@1.0.0~css: reset@1.0.0
8 verbose lifecycle reset@1.0.0~css: unsafe-perm in lifecycle true
9 verbose lifecycle reset@1.0.0~css: PATH: /Users/johnhooks/.nvm/versions/node/v6.2.2/lib/node_modules/npm/bin/node-gyp-bin:/Users/johnhooks/Documents/projects/reset/node_modules/.bin:/Users/johnhooks/.nvm/versions/node/v6.2.2/bin:/Users/johnhooks/.nvm/versions/node/v6.2.2/bin:/Users/johnhooks/Library/Haskell/bin:/Users/johnhooks/.composer/vendor/bin:/usr/local/sbin:/Users/johnhooks/bin:/Users/johnhooks/.rbenv/shims:/Users/johnhooks/.rbenv/bin:/usr/local/bin:/usr/bin:/bin:/usr/sbin:/sbin
10 verbose lifecycle reset@1.0.0~css: CWD: /Users/johnhooks/Documents/projects/reset
11 silly lifecycle reset@1.0.0~css: Args: [ '-c', 'postcss -c postcss.config.js' ]
12 info lifecycle reset@1.0.0~css: Failed to exec css script
13 verbose stack Error: reset@1.0.0 css: `postcss -c postcss.config.js`
13 verbose stack spawn ENOENT
13 verbose stack     at ChildProcess.<anonymous> (/Users/johnhooks/.nvm/versions/node/v6.2.2/lib/node_modules/npm/lib/utils/spawn.js:17:16)
13 verbose stack     at emitTwo (events.js:106:13)
13 verbose stack     at ChildProcess.emit (events.js:191:7)
13 verbose stack     at maybeClose (internal/child_process.js:852:16)
13 verbose stack     at Process.ChildProcess._handle.onexit (internal/child_process.js:215:5)
14 verbose pkgid reset@1.0.0
15 verbose cwd /Users/johnhooks/Documents/projects/reset/src/css
16 error Darwin 15.5.0
17 error argv "/Users/johnhooks/.nvm/versions/node/v6.2.2/bin/node" "/Users/johnhooks/.nvm/versions/node/v6.2.2/bin/npm" "run" "css"
18 error node v6.2.2
19 error npm  v3.9.5
20 error file sh
21 error code ELIFECYCLE
22 error errno ENOENT
23 error syscall spawn
24 error reset@1.0.0 css: `postcss -c postcss.config.js`
24 error spawn ENOENT
25 error Failed at the reset@1.0.0 css script 'postcss -c postcss.config.js'.
25 error Make sure you have the latest version of node.js and npm installed.
25 error If you do, this is most likely a problem with the reset package,
25 error not with npm itself.
25 error Tell the author that this fails on your system:
25 error     postcss -c postcss.config.js
25 error You can get information on how to open an issue for this project with:
25 error     npm bugs reset
25 error Or if that isn't available, you can get their info via:
25 error     npm owner ls reset
25 error There is likely additional logging output above.
26 verbose exit [ 1, true ]
